This is pdfTeX, Version 3.1415926-2.4-1.40.13 (TeX Live 2012) (format=pdflatex 2012.6.30)  22 NOV 2012 06:56
entering extended mode
 \write18 enabled.
 %&-line parsing enabled.
**rc_proposal
(./rc_proposal.tex
LaTeX2e <2011/06/27>
Babel <v3.8m> and hyphenation patterns for english, dumylang, nohyphenation, ge
rman-x-2012-05-30, ngerman-x-2012-05-30, afrikaans, ancientgreek, ibycus, arabi
c, armenian, basque, bulgarian, catalan, pinyin, coptic, croatian, czech, danis
h, dutch, ukenglish, usenglishmax, esperanto, estonian, ethiopic, farsi, finnis
h, french, friulan, galician, german, ngerman, swissgerman, monogreek, greek, h
ungarian, icelandic, assamese, bengali, gujarati, hindi, kannada, malayalam, ma
rathi, oriya, panjabi, tamil, telugu, indonesian, interlingua, irish, italian, 
kurmanji, latin, latvian, lithuanian, mongolian, mongolianlmc, bokmal, nynorsk,
 polish, portuguese, romanian, romansh, russian, sanskrit, serbian, serbianc, s
lovak, slovenian, spanish, swedish, turkish, turkmen, ukrainian, uppersorbian, 
welsh, loaded.
(/usr/local/texlive/2012/texmf-dist/tex/latex/IEEEtran/IEEEtran.cls
Document Class: IEEEtran 2007/03/05 V1.7a by Michael Shell
-- See the "IEEEtran_HOWTO" manual for usage information.
-- http://www.michaelshell.org/tex/ieeetran/
\@IEEEtrantmpdimenA=\dimen102
\@IEEEtrantmpdimenB=\dimen103
\@IEEEtrantmpcountA=\count79
\@IEEEtrantmpcountB=\count80
\@IEEEtrantmptoksA=\toks14
LaTeX Font Info:    Try loading font information for OT1+ptm on input line 366.

(/usr/local/texlive/2012/texmf-dist/tex/latex/psnfss/ot1ptm.fd
File: ot1ptm.fd 2001/06/04 font definitions for OT1/ptm.
)
-- Using 8.5in x 11in (letter) paper.
-- Using PDF output.
\@IEEEnormalsizeunitybaselineskip=\dimen104
-- This is a 10 point document.
\CLASSINFOnormalsizebaselineskip=\dimen105
\CLASSINFOnormalsizeunitybaselineskip=\dimen106
\IEEEnormaljot=\dimen107
LaTeX Font Info:    Font shape `OT1/ptm/bx/n' in size <5> not available
(Font)              Font shape `OT1/ptm/b/n' tried instead on input line 724.
LaTeX Font Info:    Font shape `OT1/ptm/bx/it' in size <5> not available
(Font)              Font shape `OT1/ptm/b/it' tried instead on input line 724.
LaTeX Font Info:    Font shape `OT1/ptm/bx/n' in size <7> not available
(Font)              Font shape `OT1/ptm/b/n' tried instead on input line 724.
LaTeX Font Info:    Font shape `OT1/ptm/bx/it' in size <7> not available
(Font)              Font shape `OT1/ptm/b/it' tried instead on input line 724.
LaTeX Font Info:    Font shape `OT1/ptm/bx/n' in size <8> not available
(Font)              Font shape `OT1/ptm/b/n' tried instead on input line 724.
LaTeX Font Info:    Font shape `OT1/ptm/bx/it' in size <8> not available
(Font)              Font shape `OT1/ptm/b/it' tried instead on input line 724.
LaTeX Font Info:    Font shape `OT1/ptm/bx/n' in size <9> not available
(Font)              Font shape `OT1/ptm/b/n' tried instead on input line 724.
LaTeX Font Info:    Font shape `OT1/ptm/bx/it' in size <9> not available
(Font)              Font shape `OT1/ptm/b/it' tried instead on input line 724.
LaTeX Font Info:    Font shape `OT1/ptm/bx/n' in size <10> not available
(Font)              Font shape `OT1/ptm/b/n' tried instead on input line 724.
LaTeX Font Info:    Font shape `OT1/ptm/bx/it' in size <10> not available
(Font)              Font shape `OT1/ptm/b/it' tried instead on input line 724.
LaTeX Font Info:    Font shape `OT1/ptm/bx/n' in size <11> not available
(Font)              Font shape `OT1/ptm/b/n' tried instead on input line 724.
LaTeX Font Info:    Font shape `OT1/ptm/bx/it' in size <11> not available
(Font)              Font shape `OT1/ptm/b/it' tried instead on input line 724.
LaTeX Font Info:    Font shape `OT1/ptm/bx/n' in size <12> not available
(Font)              Font shape `OT1/ptm/b/n' tried instead on input line 724.
LaTeX Font Info:    Font shape `OT1/ptm/bx/it' in size <12> not available
(Font)              Font shape `OT1/ptm/b/it' tried instead on input line 724.
LaTeX Font Info:    Font shape `OT1/ptm/bx/n' in size <17> not available
(Font)              Font shape `OT1/ptm/b/n' tried instead on input line 724.
LaTeX Font Info:    Font shape `OT1/ptm/bx/it' in size <17> not available
(Font)              Font shape `OT1/ptm/b/it' tried instead on input line 724.
LaTeX Font Info:    Font shape `OT1/ptm/bx/n' in size <20> not available
(Font)              Font shape `OT1/ptm/b/n' tried instead on input line 724.
LaTeX Font Info:    Font shape `OT1/ptm/bx/it' in size <20> not available
(Font)              Font shape `OT1/ptm/b/it' tried instead on input line 724.
LaTeX Font Info:    Font shape `OT1/ptm/bx/n' in size <24> not available
(Font)              Font shape `OT1/ptm/b/n' tried instead on input line 724.
LaTeX Font Info:    Font shape `OT1/ptm/bx/it' in size <24> not available
(Font)              Font shape `OT1/ptm/b/it' tried instead on input line 724.
\IEEEilabelindentA=\dimen108
\IEEEilabelindentB=\dimen109
\IEEEilabelindent=\dimen110
\IEEEelabelindent=\dimen111
\IEEEdlabelindent=\dimen112
\IEEElabelindent=\dimen113
\IEEEiednormlabelsep=\dimen114
\IEEEiedmathlabelsep=\dimen115
\IEEEiedtopsep=\skip41
\c@section=\count81
\c@subsection=\count82
\c@subsubsection=\count83
\c@paragraph=\count84
\c@IEEEsubequation=\count85
\abovecaptionskip=\skip42
\belowcaptionskip=\skip43
\c@figure=\count86
\c@table=\count87
\@IEEEeqnnumcols=\count88
\@IEEEeqncolcnt=\count89
\@IEEEtmpitemindent=\dimen116
\c@IEEEbiography=\count90
\@IEEEtranrubishbin=\box26
) (/usr/local/texlive/2012/texmf-dist/tex/latex/psnfss/mathpazo.sty
Package: mathpazo 2005/04/12 PSNFSS-v9.2a Palatino w/ Pazo Math (D.Puga, WaS) 
\symupright=\mathgroup4
)
(/usr/local/texlive/2012/texmf-dist/tex/latex/base/fontenc.sty
Package: fontenc 2005/09/27 v1.99g Standard LaTeX package

(/usr/local/texlive/2012/texmf-dist/tex/latex/base/t1enc.def
File: t1enc.def 2005/09/27 v1.99g Standard LaTeX file
LaTeX Font Info:    Redeclaring font encoding T1 on input line 43.
)
LaTeX Font Info:    Try loading font information for T1+ptm on input line 100.

(/usr/local/texlive/2012/texmf-dist/tex/latex/psnfss/t1ptm.fd
File: t1ptm.fd 2001/06/04 font definitions for T1/ptm.
))
(/usr/local/texlive/2012/texmf-dist/tex/latex/base/inputenc.sty
Package: inputenc 2008/03/30 v1.1d Input encoding file
\inpenc@prehook=\toks15
\inpenc@posthook=\toks16

(/usr/local/texlive/2012/texmf-dist/tex/latex/base/latin9.def
File: latin9.def 2008/03/30 v1.1d Input encoding file
))
(/usr/local/texlive/2012/texmf-dist/tex/latex/amscls/amsthm.sty
Package: amsthm 2009/07/02 v2.20.1
\thm@style=\toks17
\thm@bodyfont=\toks18
\thm@headfont=\toks19
\thm@notefont=\toks20
\thm@headpunct=\toks21
\thm@preskip=\skip44
\thm@postskip=\skip45
\thm@headsep=\skip46
\dth@everypar=\toks22
)
(/usr/local/texlive/2012/texmf-dist/tex/latex/amsmath/amsmath.sty
Package: amsmath 2000/07/18 v2.13 AMS math features
\@mathmargin=\skip47

For additional information on amsmath, use the `?' option.
(/usr/local/texlive/2012/texmf-dist/tex/latex/amsmath/amstext.sty
Package: amstext 2000/06/29 v2.01

(/usr/local/texlive/2012/texmf-dist/tex/latex/amsmath/amsgen.sty
File: amsgen.sty 1999/11/30 v2.0
\@emptytoks=\toks23
\ex@=\dimen117
))
(/usr/local/texlive/2012/texmf-dist/tex/latex/amsmath/amsbsy.sty
Package: amsbsy 1999/11/29 v1.2d
\pmbraise@=\dimen118
)
(/usr/local/texlive/2012/texmf-dist/tex/latex/amsmath/amsopn.sty
Package: amsopn 1999/12/14 v2.01 operator names
)
\inf@bad=\count91
LaTeX Info: Redefining \frac on input line 211.
\uproot@=\count92
\leftroot@=\count93
LaTeX Info: Redefining \overline on input line 307.
\classnum@=\count94
\DOTSCASE@=\count95
LaTeX Info: Redefining \ldots on input line 379.
LaTeX Info: Redefining \dots on input line 382.
LaTeX Info: Redefining \cdots on input line 467.
\Mathstrutbox@=\box27
\strutbox@=\box28
\big@size=\dimen119
LaTeX Font Info:    Redeclaring font encoding OML on input line 567.
LaTeX Font Info:    Redeclaring font encoding OMS on input line 568.
\macc@depth=\count96
\c@MaxMatrixCols=\count97
\dotsspace@=\muskip10
\c@parentequation=\count98
\dspbrk@lvl=\count99
\tag@help=\toks24
\row@=\count100
\column@=\count101
\maxfields@=\count102
\andhelp@=\toks25
\eqnshift@=\dimen120
\alignsep@=\dimen121
\tagshift@=\dimen122
\tagwidth@=\dimen123
\totwidth@=\dimen124
\lineht@=\dimen125
\@envbody=\toks26
\multlinegap=\skip48
\multlinetaggap=\skip49
\mathdisplay@stack=\toks27
LaTeX Info: Redefining \[ on input line 2666.
LaTeX Info: Redefining \] on input line 2667.
)
(./tex/preamble.tex
** ATTENTION: Overriding command lockouts (line 1).
** WARNING: \overrideIEEEmargins no longer supported (line 2).
** Use the \CLASSINPUTinnersidemargin, \CLASSINPUToutersidemargin controls inst
ead.
(/usr/local/texlive/2012/texmf-dist/tex/latex/base/fixltx2e.sty
Package: fixltx2e 2006/09/13 v1.1m fixes to LaTeX
LaTeX Info: Redefining \em on input line 420.
LaTeX Info: The control sequence `\[' is already robust on input line 471.
LaTeX Info: The control sequence `\]' is already robust on input line 472.
)
(/usr/local/texlive/2012/texmf-dist/tex/latex/xcolor/xcolor.sty
Package: xcolor 2007/01/21 v2.11 LaTeX color extensions (UK)

(/usr/local/texlive/2012/texmf-dist/tex/latex/latexconfig/color.cfg
File: color.cfg 2007/01/18 v1.5 color configuration of teTeX/TeXLive
)
Package xcolor Info: Driver file: pdftex.def on input line 225.

(/usr/local/texlive/2012/texmf-dist/tex/latex/pdftex-def/pdftex.def
File: pdftex.def 2011/05/27 v0.06d Graphics/color for pdfTeX

(/usr/local/texlive/2012/texmf-dist/tex/generic/oberdiek/infwarerr.sty
Package: infwarerr 2010/04/08 v1.3 Providing info/warning/error messages (HO)
)
(/usr/local/texlive/2012/texmf-dist/tex/generic/oberdiek/ltxcmds.sty
Package: ltxcmds 2011/11/09 v1.22 LaTeX kernel commands for general use (HO)
)
\Gread@gobject=\count103
)
(/usr/local/texlive/2012/texmf-dist/tex/latex/colortbl/colortbl.sty
Package: colortbl 2012/02/13 v1.0a Color table columns (DPC)

(/usr/local/texlive/2012/texmf-dist/tex/latex/tools/array.sty
Package: array 2008/09/09 v2.4c Tabular extension package (FMi)
\col@sep=\dimen126
\extrarowheight=\dimen127
\NC@list=\toks28
\extratabsurround=\skip50
\backup@length=\skip51
)
\everycr=\toks29
\minrowclearance=\skip52
)
\rownum=\count104
Package xcolor Info: Model `cmy' substituted by `cmy0' on input line 1337.
Package xcolor Info: Model `hsb' substituted by `rgb' on input line 1341.
Package xcolor Info: Model `RGB' extended on input line 1353.
Package xcolor Info: Model `HTML' substituted by `rgb' on input line 1355.
Package xcolor Info: Model `Hsb' substituted by `hsb' on input line 1356.
Package xcolor Info: Model `tHsb' substituted by `hsb' on input line 1357.
Package xcolor Info: Model `HSB' substituted by `hsb' on input line 1358.
Package xcolor Info: Model `Gray' substituted by `gray' on input line 1359.
Package xcolor Info: Model `wave' substituted by `hsb' on input line 1360.
)
(/usr/local/texlive/2012/texmf-dist/tex/latex/biblatex/biblatex.sty
Package: biblatex 2011/11/13 v1.7 programmable bibliographies

(/usr/local/texlive/2012/texmf-dist/tex/latex/etoolbox/etoolbox.sty
Package: etoolbox 2011/01/03 v2.1 e-TeX tools for LaTeX

(/usr/local/texlive/2012/texmf-dist/tex/latex/etex-pkg/etex.sty
Package: etex 1998/03/26 v2.0 eTeX basic definition package (PEB)
\et@xins=\count105
)
\etb@tempcnta=\count106
)
(/usr/local/texlive/2012/texmf-dist/tex/latex/graphics/keyval.sty
Package: keyval 1999/03/16 v1.13 key=value parser (DPC)
\KV@toks@=\toks30
)
(/usr/local/texlive/2012/texmf-dist/tex/latex/logreq/logreq.sty
Package: logreq 2010/08/04 v1.0 xml request logger
\lrq@indent=\count107

(/usr/local/texlive/2012/texmf-dist/tex/latex/logreq/logreq.def
File: logreq.def 2010/08/04 v1.0 logreq spec v1.0
))
(/usr/local/texlive/2012/texmf-dist/tex/latex/base/ifthen.sty
Package: ifthen 2001/05/26 v1.1c Standard LaTeX ifthen package (DPC)
)
(/usr/local/texlive/2012/texmf-dist/tex/latex/url/url.sty
\Urlmuskip=\muskip11
Package: url 2006/04/12  ver 3.3  Verb mode for urls, etc.
)
\c@listtotal=\count108
\c@listcount=\count109
\c@liststart=\count110
\c@liststop=\count111
\c@citecount=\count112
\c@citetotal=\count113
\c@multicitecount=\count114
\c@multicitetotal=\count115
\c@instcount=\count116
\c@maxnames=\count117
\c@minnames=\count118
\c@maxitems=\count119
\c@minitems=\count120
\c@citecounter=\count121
\c@savedcitecounter=\count122
\c@uniquelist=\count123
\c@uniquename=\count124
\c@refsection=\count125
\c@refsegment=\count126
\c@maxextrayear=\count127
\c@maxextraalpha=\count128
\c@abbrvpenalty=\count129
\c@highnamepenalty=\count130
\c@lownamepenalty=\count131
\c@maxparens=\count132
\c@parenlevel=\count133
\blx@tempcnta=\count134
\blx@tempcntb=\count135
\blx@tempcntc=\count136
\blx@maxsection=\count137
\blx@maxsegment=\count138
\blx@notetype=\count139
\blx@parenlevel@text=\count140
\blx@parenlevel@foot=\count141
\labelnumberwidth=\skip53
\labelalphawidth=\skip54
\shorthandwidth=\skip55
\biblabelsep=\skip56
\bibitemsep=\skip57
\bibnamesep=\skip58
\bibinitsep=\skip59
\bibparsep=\skip60
\bibhang=\skip61
\blx@auxin=\read1
\blx@auxout=\write3
\c@mincomprange=\count142
\c@maxcomprange=\count143
\c@mincompwidth=\count144
\c@labelname=\count145
\c@savedlabelname=\count146
\c@author=\count147
\c@savedauthor=\count148
\c@shortauthor=\count149
\c@savedshortauthor=\count150
\c@editor=\count151
\c@savededitor=\count152
\c@editora=\count153
\c@savededitora=\count154
\c@editorb=\count155
\c@savededitorb=\count156
\c@editorc=\count157
\c@savededitorc=\count158
\c@shorteditor=\count159
\c@savedshorteditor=\count160
\c@bookauthor=\count161
\c@savedbookauthor=\count162
\c@translator=\count163
\c@savedtranslator=\count164
\c@annotator=\count165
\c@savedannotator=\count166
\c@commentator=\count167
\c@savedcommentator=\count168
\c@introduction=\count169
\c@savedintroduction=\count170
\c@foreword=\count171
\c@savedforeword=\count172
\c@afterword=\count173
\c@savedafterword=\count174
\c@holder=\count175
\c@savedholder=\count176
\c@namea=\count177
\c@savednamea=\count178
\c@nameb=\count179
\c@savednameb=\count180
\c@namec=\count181
\c@savednamec=\count182
\c@institution=\count183
\c@savedinstitution=\count184
\c@language=\count185
\c@savedlanguage=\count186
\c@location=\count187
\c@savedlocation=\count188
\c@organization=\count189
\c@savedorganization=\count190
\c@origlocation=\count191
\c@savedoriglocation=\count192
\c@origpublisher=\count193
\c@savedorigpublisher=\count194
\c@pageref=\count195
\c@savedpageref=\count196
\c@publisher=\count197
\c@savedpublisher=\count198
\c@lista=\count199
\c@savedlista=\count200
\c@listb=\count201
\c@savedlistb=\count202
\c@listc=\count203
\c@savedlistc=\count204
\c@listd=\count205
\c@savedlistd=\count206
\c@liste=\count207
\c@savedliste=\count208
\c@listf=\count209
\c@savedlistf=\count210
Package biblatex Info: Trying to load compatibility code...
Package biblatex Info: ... file 'blx-compat.def' found.

(/usr/local/texlive/2012/texmf-dist/tex/latex/biblatex/blx-compat.def
File: blx-compat.def 2011/11/13 v1.7 biblatex generic compatibility
)
Package biblatex Info: Trying to load generic definitions...
Package biblatex Info: ... file 'biblatex.def' found.

(/usr/local/texlive/2012/texmf-dist/tex/latex/biblatex/biblatex.def
File: biblatex.def 2011/11/13 v1.7 biblatex generic definitions
\c@biburlnumpenalty=\count211
\c@biburlucpenalty=\count212
\c@biburllcpenalty=\count213
\c@smartand=\count214
)
Package biblatex Info: Trying to load bibliography style 'numeric-urls-expdoi'.
..
Package biblatex Info: ... file 'numeric-urls-expdoi.bbx' found.

(/usr/local/texlive/2012/../texmf-local/tex/latex/biblatex-contrib/numeric-urls
-expdoi.bbx
File: numeric-urls.bbx 
Package biblatex Info: Trying to load bibliography style 'numeric'...
Package biblatex Info: ... file 'numeric.bbx' found.

(/usr/local/texlive/2012/texmf-dist/tex/latex/biblatex/bbx/numeric.bbx
File: numeric.bbx 2011/11/13 v1.7 biblatex bibliography style
Package biblatex Info: Trying to load bibliography style 'standard'...
Package biblatex Info: ... file 'standard.bbx' found.

(/usr/local/texlive/2012/texmf-dist/tex/latex/biblatex/bbx/standard.bbx
File: standard.bbx 2011/11/13 v1.7 biblatex bibliography style
)))
Package biblatex Info: Trying to load citation style 'numeric-comp'...
Package biblatex Info: ... file 'numeric-comp.cbx' found.

(/usr/local/texlive/2012/texmf-dist/tex/latex/biblatex/cbx/numeric-comp.cbx
File: numeric-comp.cbx 2011/11/13 v1.7 biblatex citation style
\c@cbx@tempcnta=\count215
\c@cbx@tempcntb=\count216
Package biblatex Info: Redefining '\cite'.
Package biblatex Info: Redefining '\parencite'.
Package biblatex Info: Redefining '\footcite'.
Package biblatex Info: Redefining '\footcitetext'.
Package biblatex Info: Redefining '\smartcite'.
Package biblatex Info: Redefining '\textcite'.
Package biblatex Info: Redefining '\supercite'.
Package biblatex Info: Redefining '\cites'.
Package biblatex Info: Redefining '\parencites'.
Package biblatex Info: Redefining '\smartcites'.
)
Package biblatex Info: Trying to load configuration file...
Package biblatex Info: ... file 'biblatex.cfg' found.

(/usr/local/texlive/2012/texmf-dist/tex/latex/biblatex/biblatex.cfg
File: biblatex.cfg 
))
(./commons/tex/macros/bib_pdf_icons.tex)
(./commons/tex/macros/prettyref_format.tex
(/usr/local/texlive/2012/texmf-dist/tex/latex/prettyref/prettyref.sty
Package: prettyref 1998/07/09 v3.0
))
(./commons/tex/macros/fancy_bib.tex)
(./commons/tex/macros/stylish_hyperref_colors.tex
(/usr/local/texlive/2012/texmf-dist/tex/latex/hyperref/hyperref.sty
Package: hyperref 2012/05/13 v6.82q Hypertext links for LaTeX

(/usr/local/texlive/2012/texmf-dist/tex/generic/oberdiek/hobsub-hyperref.sty
Package: hobsub-hyperref 2012/05/28 v1.13 Bundle oberdiek, subset hyperref (HO)


(/usr/local/texlive/2012/texmf-dist/tex/generic/oberdiek/hobsub-generic.sty
Package: hobsub-generic 2012/05/28 v1.13 Bundle oberdiek, subset generic (HO)
Package: hobsub 2012/05/28 v1.13 Construct package bundles (HO)
Package hobsub Info: Skipping package `infwarerr' (already loaded).
Package hobsub Info: Skipping package `ltxcmds' (already loaded).
Package: ifluatex 2010/03/01 v1.3 Provides the ifluatex switch (HO)
Package ifluatex Info: LuaTeX not detected.
Package: ifvtex 2010/03/01 v1.5 Detect VTeX and its facilities (HO)
Package ifvtex Info: VTeX not detected.
Package: intcalc 2007/09/27 v1.1 Expandable calculations with integers (HO)
Package: ifpdf 2011/01/30 v2.3 Provides the ifpdf switch (HO)
Package ifpdf Info: pdfTeX in PDF mode is detected.
Package: etexcmds 2011/02/16 v1.5 Avoid name clashes with e-TeX commands (HO)
Package etexcmds Info: Could not find \expanded.
(etexcmds)             That can mean that you are not using pdfTeX 1.50 or
(etexcmds)             that some package has redefined \expanded.
(etexcmds)             In the latter case, load this package earlier.
Package: kvsetkeys 2012/04/25 v1.16 Key value parser (HO)
Package: kvdefinekeys 2011/04/07 v1.3 Define keys (HO)
Package: pdftexcmds 2011/11/29 v0.20 Utility functions of pdfTeX for LuaTeX (HO
)
Package pdftexcmds Info: LuaTeX not detected.
Package pdftexcmds Info: \pdf@primitive is available.
Package pdftexcmds Info: \pdf@ifprimitive is available.
Package pdftexcmds Info: \pdfdraftmode found.
Package: pdfescape 2011/11/25 v1.13 Implements pdfTeX's escape features (HO)
Package: bigintcalc 2012/04/08 v1.3 Expandable calculations on big integers (HO
)
Package: bitset 2011/01/30 v1.1 Handle bit-vector datatype (HO)
Package: uniquecounter 2011/01/30 v1.2 Provide unlimited unique counter (HO)
)
Package hobsub Info: Skipping package `hobsub' (already loaded).
Package: letltxmacro 2010/09/02 v1.4 Let assignment for LaTeX macros (HO)
Package: hopatch 2012/05/28 v1.2 Wrapper for package hooks (HO)
Package: xcolor-patch 2011/01/30 xcolor patch
Package: atveryend 2011/06/30 v1.8 Hooks at the very end of document (HO)
Package: atbegshi 2011/10/05 v1.16 At begin shipout hook (HO)
Package: refcount 2011/10/16 v3.4 Data extraction from label references (HO)
Package: hycolor 2011/01/30 v1.7 Color options for hyperref/bookmark (HO)
)
(/usr/local/texlive/2012/texmf-dist/tex/generic/ifxetex/ifxetex.sty
Package: ifxetex 2010/09/12 v0.6 Provides ifxetex conditional
)
(/usr/local/texlive/2012/texmf-dist/tex/latex/oberdiek/kvoptions.sty
Package: kvoptions 2011/06/30 v3.11 Key value format for package options (HO)
)
\@linkdim=\dimen128
\Hy@linkcounter=\count217
\Hy@pagecounter=\count218

(/usr/local/texlive/2012/texmf-dist/tex/latex/hyperref/pd1enc.def
File: pd1enc.def 2012/05/13 v6.82q Hyperref: PDFDocEncoding definition (HO)
)
\Hy@SavedSpaceFactor=\count219

(/usr/local/texlive/2012/texmf-dist/tex/latex/latexconfig/hyperref.cfg
File: hyperref.cfg 2002/06/06 v1.2 hyperref configuration of TeXLive
)
Package hyperref Info: Hyper figures OFF on input line 4062.
Package hyperref Info: Link nesting OFF on input line 4067.
Package hyperref Info: Hyper index ON on input line 4070.
Package hyperref Info: Plain pages OFF on input line 4077.
Package hyperref Info: Backreferencing OFF on input line 4082.
Package hyperref Info: Implicit mode ON; LaTeX internals redefined.
Package hyperref Info: Bookmarks ON on input line 4300.
\c@Hy@tempcnt=\count220
LaTeX Info: Redefining \url on input line 4653.
\Fld@menulength=\count221
\Field@Width=\dimen129
\Fld@charsize=\dimen130
Package hyperref Info: Hyper figures OFF on input line 5773.
Package hyperref Info: Link nesting OFF on input line 5778.
Package hyperref Info: Hyper index ON on input line 5781.
Package hyperref Info: backreferencing OFF on input line 5788.
Package hyperref Info: Link coloring OFF on input line 5793.
Package hyperref Info: Link coloring with OCG OFF on input line 5798.
Package hyperref Info: PDF/A mode OFF on input line 5803.
LaTeX Info: Redefining \ref on input line 5843.
LaTeX Info: Redefining \pageref on input line 5847.
\Hy@abspage=\count222
\c@Item=\count223
\c@Hfootnote=\count224
)

Package hyperref Message: Driver (autodetected): hpdftex.

(/usr/local/texlive/2012/texmf-dist/tex/latex/hyperref/hpdftex.def
File: hpdftex.def 2012/05/13 v6.82q Hyperref driver for pdfTeX
\Fld@listcount=\count225
\c@bookmark@seq@number=\count226

(/usr/local/texlive/2012/texmf-dist/tex/latex/oberdiek/rerunfilecheck.sty
Package: rerunfilecheck 2011/04/15 v1.7 Rerun checks for auxiliary files (HO)
Package uniquecounter Info: New unique counter `rerunfilecheck' on input line 2
82.
)
\Hy@SectionHShift=\skip62
)

Package hyperref Warning: Option `bookmarks' has already been used,
(hyperref)                setting the option has no effect on input line 8.

Package hyperref Info: Option `colorlinks' set `true' on input line 8.
) (/usr/local/texlive/2012/texmf-dist/tex/latex/tools/xspace.sty
Package: xspace 2009/10/20 v1.13 Space after command names (DPC,MH)
)
(/usr/local/texlive/2012/texmf-dist/tex/latex/amsfonts/amssymb.sty
Package: amssymb 2009/06/22 v3.00

(/usr/local/texlive/2012/texmf-dist/tex/latex/amsfonts/amsfonts.sty
Package: amsfonts 2009/06/22 v3.00 Basic AMSFonts support
\symAMSa=\mathgroup5
\symAMSb=\mathgroup6
LaTeX Font Info:    Overwriting math alphabet `\mathfrak' in version `bold'
(Font)                  U/euf/m/n --> U/euf/b/n on input line 96.
))
(/usr/local/texlive/2012/texmf-dist/tex/latex/amsfonts/eucal.sty
Package: eucal 2009/06/22 v3.00 Euler Script fonts
LaTeX Font Info:    Overwriting math alphabet `\EuScript' in version `bold'
(Font)                  U/eus/m/n --> U/eus/b/n on input line 33.
)
(/usr/local/texlive/2012/texmf-dist/tex/latex/subfig/subfig.sty
Package: subfig 2005/06/28 ver: 1.3 subfig package

(/usr/local/texlive/2012/texmf-dist/tex/latex/caption/caption3.sty
Package: caption3 2012/01/12 v1.4b caption3 kernel (AR)
\captionmargin=\dimen131
\captionmargin@=\dimen132
\captionwidth=\dimen133
\caption@indent=\dimen134
\caption@parindent=\dimen135
\caption@hangindent=\dimen136
Package caption Info: Unknown document class (or package),
(caption)             standard defaults will be used.
)
\c@KVtest=\count227
\sf@farskip=\skip63
\sf@captopadj=\dimen137
\sf@capskip=\skip64
\sf@nearskip=\skip65
\c@subfigure=\count228
\c@subfigure@save=\count229
\c@lofdepth=\count230
\c@subtable=\count231
\c@subtable@save=\count232
\c@lotdepth=\count233
\sf@top=\skip66
\sf@bottom=\skip67
)
(/usr/local/texlive/2012/texmf-dist/tex/latex/graphics/graphicx.sty
Package: graphicx 1999/02/16 v1.0f Enhanced LaTeX Graphics (DPC,SPQR)

(/usr/local/texlive/2012/texmf-dist/tex/latex/graphics/graphics.sty
Package: graphics 2009/02/05 v1.0o Standard LaTeX Graphics (DPC,SPQR)

(/usr/local/texlive/2012/texmf-dist/tex/latex/graphics/trig.sty
Package: trig 1999/03/16 v1.09 sin cos tan (DPC)
)
(/usr/local/texlive/2012/texmf-dist/tex/latex/latexconfig/graphics.cfg
File: graphics.cfg 2010/04/23 v1.9 graphics configuration of TeX Live
)
Package graphics Info: Driver file: pdftex.def on input line 91.
)
\Gin@req@height=\dimen138
\Gin@req@width=\dimen139
)
(./commons/tex/live_symbols.tex (./commons/tex/old/articles_dptr1.tex)
(./commons/tex/old/articles_thesis.tex) (./commons/tex/old/articles_bgds.tex)
(./commons/tex/old/articles_bds.tex) (./commons/tex/old/articles_dds.tex)
(./commons/tex/old/articles_camera.tex)
(./commons/tex/old/articles_estgroups.tex)
(./commons/tex/old/articles_agents.tex)
(./commons/tex/old/articles_groupspectral.tex)
(./commons/tex/old/articles_invariances.tex)
(./commons/tex/old/articles_soattotheory.tex)
(./commons/tex/old/common_abbreviations.tex)
(./commons/tex/old/common_acronyms.tex) (./commons/tex/old/common_algebra.tex)
(./commons/tex/old/common_basic.tex) (./commons/tex/old/common_formatting.tex)
(./commons/tex/old/common_groups.tex)
(./commons/tex/old/common_groups_matrix.tex)
(./commons/tex/old/common_groups_simple.tex)
(./commons/tex/old/common_acronyms.tex)
(./commons/tex/old/common_statistics.tex)
(./commons/tex/old/common_statistics_sorting.tex)
(./commons/tex/old/common_typography.tex)
(./commons/tex/old/common_geometry.tex) (./commons/tex/old/common_systems.tex)
(./commons/tex/old/common_blackboxes.tex)
(./commons/tex/old/common_bootstrapping.tex)
(./commons/tex/old/common_probability.tex)
(./commons/tex/old/common_robotics.tex)))
Package biblatex Info: Trying to load language 'english'...
Package biblatex Info: ... file 'english.lbx' found.

(/usr/local/texlive/2012/texmf-dist/tex/latex/biblatex/lbx/english.lbx
File: english.lbx 2011/11/13 v1.7 biblatex localization
)
Normal \count register pool exhausted, switching to extended pool.
\@quotelevel=\count277
\@quotereset=\count278

(./rc_proposal.aux)
\openout1 = `rc_proposal.aux'.

LaTeX Font Info:    Checking defaults for OML/cmm/m/it on input line 21.
LaTeX Font Info:    ... okay on input line 21.
LaTeX Font Info:    Checking defaults for T1/cmr/m/n on input line 21.
LaTeX Font Info:    ... okay on input line 21.
LaTeX Font Info:    Checking defaults for OT1/cmr/m/n on input line 21.
LaTeX Font Info:    ... okay on input line 21.
LaTeX Font Info:    Checking defaults for OMS/cmsy/m/n on input line 21.
LaTeX Font Info:    ... okay on input line 21.
LaTeX Font Info:    Checking defaults for OMX/cmex/m/n on input line 21.
LaTeX Font Info:    ... okay on input line 21.
LaTeX Font Info:    Checking defaults for U/cmr/m/n on input line 21.
LaTeX Font Info:    ... okay on input line 21.
LaTeX Font Info:    Checking defaults for PD1/pdf/m/n on input line 21.
LaTeX Font Info:    ... okay on input line 21.
LaTeX Font Info:    Try loading font information for T1+ppl on input line 21.

(/usr/local/texlive/2012/texmf-dist/tex/latex/psnfss/t1ppl.fd
File: t1ppl.fd 2001/06/04 font definitions for T1/ppl.
)
LaTeX Font Info:    Font shape `T1/ppl/bx/n' in size <5> not available
(Font)              Font shape `T1/ppl/b/n' tried instead on input line 21.
LaTeX Font Info:    Font shape `T1/ppl/bx/it' in size <5> not available
(Font)              Font shape `T1/ppl/b/it' tried instead on input line 21.
LaTeX Font Info:    Font shape `T1/ppl/bx/n' in size <7> not available
(Font)              Font shape `T1/ppl/b/n' tried instead on input line 21.
LaTeX Font Info:    Font shape `T1/ppl/bx/it' in size <7> not available
(Font)              Font shape `T1/ppl/b/it' tried instead on input line 21.
LaTeX Font Info:    Font shape `T1/ppl/bx/n' in size <8> not available
(Font)              Font shape `T1/ppl/b/n' tried instead on input line 21.
LaTeX Font Info:    Font shape `T1/ppl/bx/it' in size <8> not available
(Font)              Font shape `T1/ppl/b/it' tried instead on input line 21.
LaTeX Font Info:    Font shape `T1/ppl/bx/n' in size <9> not available
(Font)              Font shape `T1/ppl/b/n' tried instead on input line 21.
LaTeX Font Info:    Font shape `T1/ppl/bx/it' in size <9> not available
(Font)              Font shape `T1/ppl/b/it' tried instead on input line 21.
LaTeX Font Info:    Font shape `T1/ppl/bx/n' in size <10> not available
(Font)              Font shape `T1/ppl/b/n' tried instead on input line 21.
LaTeX Font Info:    Font shape `T1/ppl/bx/it' in size <10> not available
(Font)              Font shape `T1/ppl/b/it' tried instead on input line 21.
LaTeX Font Info:    Font shape `T1/ppl/bx/n' in size <11> not available
(Font)              Font shape `T1/ppl/b/n' tried instead on input line 21.
LaTeX Font Info:    Font shape `T1/ppl/bx/it' in size <11> not available
(Font)              Font shape `T1/ppl/b/it' tried instead on input line 21.
LaTeX Font Info:    Font shape `T1/ppl/bx/n' in size <12> not available
(Font)              Font shape `T1/ppl/b/n' tried instead on input line 21.
LaTeX Font Info:    Font shape `T1/ppl/bx/it' in size <12> not available
(Font)              Font shape `T1/ppl/b/it' tried instead on input line 21.
LaTeX Font Info:    Font shape `T1/ppl/bx/n' in size <17> not available
(Font)              Font shape `T1/ppl/b/n' tried instead on input line 21.
LaTeX Font Info:    Font shape `T1/ppl/bx/it' in size <17> not available
(Font)              Font shape `T1/ppl/b/it' tried instead on input line 21.
LaTeX Font Info:    Font shape `T1/ppl/bx/n' in size <20> not available
(Font)              Font shape `T1/ppl/b/n' tried instead on input line 21.
LaTeX Font Info:    Font shape `T1/ppl/bx/it' in size <20> not available
(Font)              Font shape `T1/ppl/b/it' tried instead on input line 21.
LaTeX Font Info:    Font shape `T1/ppl/bx/n' in size <24> not available
(Font)              Font shape `T1/ppl/b/n' tried instead on input line 21.
LaTeX Font Info:    Font shape `T1/ppl/bx/it' in size <24> not available
(Font)              Font shape `T1/ppl/b/it' tried instead on input line 21.

(/usr/local/texlive/2012/texmf-dist/tex/context/base/supp-pdf.mkii
[Loading MPS to PDF converter (version 2006.09.02).]
\scratchcounter=\count279
\scratchdimen=\dimen140
\scratchbox=\box29
\nofMPsegments=\count280
\nofMParguments=\count281
\everyMPshowfont=\toks31
\MPscratchCnt=\count282
\MPscratchDim=\dimen141
\MPnumerator=\count283
\makeMPintoPDFobject=\count284
\everyMPtoPDFconversion=\toks32
)
Package biblatex Info: Input encoding 'latin9' detected.
Package biblatex Info: Automatic encoding selection.
(biblatex)             Assuming data encoding 'latin9'.


Package biblatex Warning: Data encoding is 'latin9'.
(biblatex)                Use backend=bibtex8 or backend=biber.

\openout3 = `rc_proposal-blx.bib'.

Package biblatex Info: Trying to load bibliographic data...
Package biblatex Info: ... file 'rc_proposal.bbl' found.
(./rc_proposal.bbl)
Package biblatex Info: Reference section=0 on input line 21.
Package biblatex Info: Reference segment=0 on input line 21.
\AtBeginShipoutBox=\box30
Package hyperref Info: Link coloring ON on input line 21.

(/usr/local/texlive/2012/texmf-dist/tex/latex/hyperref/nameref.sty
Package: nameref 2010/04/30 v2.40 Cross-referencing by name of section

(/usr/local/texlive/2012/texmf-dist/tex/generic/oberdiek/gettitlestring.sty
Package: gettitlestring 2010/12/03 v1.4 Cleanup title references (HO)
)
\c@section@level=\count285
)
LaTeX Info: Redefining \ref on input line 21.
LaTeX Info: Redefining \pageref on input line 21.
LaTeX Info: Redefining \nameref on input line 21.

(./rc_proposal.out) (./rc_proposal.out)
\@outlinefile=\write4
\openout4 = `rc_proposal.out'.

Package caption Info: Begin \AtBeginDocument code.
Package caption Info: subfig package v1.3 is loaded.
Package caption Info: End \AtBeginDocument code.

(/usr/local/texlive/2012/texmf-dist/tex/latex/oberdiek/epstopdf-base.sty
Package: epstopdf-base 2010/02/09 v2.5 Base part for package epstopdf

(/usr/local/texlive/2012/texmf-dist/tex/latex/oberdiek/grfext.sty
Package: grfext 2010/08/19 v1.1 Manage graphics extensions (HO)
)
Package grfext Info: Graphics extension search list:
(grfext)             [.png,.pdf,.jpg,.mps,.jpeg,.jbig2,.jb2,.PNG,.PDF,.JPG,.JPE
G,.JBIG2,.JB2,.eps]
(grfext)             \AppendGraphicsExtensions on input line 452.

(/usr/local/texlive/2012/texmf-dist/tex/latex/latexconfig/epstopdf-sys.cfg
File: epstopdf-sys.cfg 2010/07/13 v1.3 Configuration of (r)epstopdf for TeX Liv
e
))
(./rc_proposal_sec00_title.tex

LaTeX Warning: No \author given.


LaTeX Warning: No \author given.

) (./rc_proposal_sec01_intro.tex) (./rc_proposal_sec10_summary.tex [1{/usr/loca
l/texlive/2012/texmf-var/fonts/map/pdftex/updmap/pdftex.map}


])
(./rc_proposal_sec90_biblio.tex
Underfull \hbox (badness 1852) in paragraph at lines 2--2
\T1/ppl/m/n/8 neigh-bors: un-su-per-vised learn-ing of to-pog-ra-phy from real-

 []

LaTeX Font Info:    Try loading font information for OT1+ppl on input line 1.
(/usr/local/texlive/2012/texmf-dist/tex/latex/psnfss/ot1ppl.fd
File: ot1ppl.fd 2001/06/04 font definitions for OT1/ppl.
)
LaTeX Font Info:    Try loading font information for OML+zplm on input line 1.

(/usr/local/texlive/2012/texmf-dist/tex/latex/psnfss/omlzplm.fd
File: omlzplm.fd 2002/09/08 Fontinst v1.914 font definitions for OML/zplm.
)
LaTeX Font Info:    Try loading font information for OMS+zplm on input line 1.

(/usr/local/texlive/2012/texmf-dist/tex/latex/psnfss/omszplm.fd
File: omszplm.fd 2002/09/08 Fontinst v1.914 font definitions for OMS/zplm.
)
LaTeX Font Info:    Try loading font information for OMX+zplm on input line 1.

(/usr/local/texlive/2012/texmf-dist/tex/latex/psnfss/omxzplm.fd
File: omxzplm.fd 2002/09/08 Fontinst v1.914 font definitions for OMX/zplm.
)
LaTeX Font Info:    Try loading font information for OT1+zplm on input line 1.

(/usr/local/texlive/2012/texmf-dist/tex/latex/psnfss/ot1zplm.fd
File: ot1zplm.fd 2002/09/08 Fontinst v1.914 font definitions for OT1/zplm.
)
LaTeX Font Info:    Font shape `U/msa/m/n' will be
(Font)              scaled to size 8.33606pt on input line 1.
LaTeX Font Info:    Font shape `U/msa/m/n' will be
(Font)              scaled to size 6.25204pt on input line 1.
LaTeX Font Info:    Font shape `U/msa/m/n' will be
(Font)              scaled to size 5.21004pt on input line 1.
LaTeX Font Info:    Font shape `U/msb/m/n' will be
(Font)              scaled to size 8.33606pt on input line 1.
LaTeX Font Info:    Font shape `U/msb/m/n' will be
(Font)              scaled to size 6.25204pt on input line 1.
LaTeX Font Info:    Font shape `U/msb/m/n' will be
(Font)              scaled to size 5.21004pt on input line 1.
 [2

])
Package atveryend Info: Empty hook `BeforeClearDocument' on input line 29.
Package atveryend Info: Empty hook `AfterLastShipout' on input line 29.

(./rc_proposal.aux)
Package atveryend Info: Executing hook `AtVeryEndDocument' on input line 29.
Package atveryend Info: Executing hook `AtEndAfterFileList' on input line 29.
Package rerunfilecheck Info: File `rc_proposal.out' has not changed.
(rerunfilecheck)             Checksum: B2E9EC81B5EE5715417FA966B6387F5C;759.
Package logreq Info: Writing requests to 'rc_proposal.run.xml'.
\openout1 = `rc_proposal.run.xml'.

 ) 
Here is how much of TeX's memory you used:
 13769 strings out of 493488
 211917 string characters out of 3141326
 398284 words of memory out of 3000000
 16757 multiletter control sequences out of 15000+200000
 77624 words of font info for 127 fonts, out of 3000000 for 9000
 957 hyphenation exceptions out of 8191
 43i,6n,49p,859b,857s stack positions out of 5000i,500n,10000p,200000b,50000s
{/usr/local/texlive/2012/texmf-dist/fonts/enc/dvips/base/8r.enc}</usr/local/t
exlive/2012/texmf-dist/fonts/type1/public/mathpazo/fplmri.pfb></usr/local/texli
ve/2012/texmf-dist/fonts/type1/urw/palatino/uplr8a.pfb></usr/local/texlive/2012
/texmf-dist/fonts/type1/urw/palatino/uplri8a.pfb>
Output written on rc_proposal.pdf (2 pages, 52165 bytes).
PDF statistics:
 94 PDF objects out of 1000 (max. 8388607)
 86 compressed objects within 1 object stream
 19 named destinations out of 1000 (max. 500000)
 89 words of extra memory for PDF output out of 10000 (max. 10000000)

